<?xml version="1.0" encoding="UTF-8"?>
<testsuite name="fr.lenfantdo.domain.usecase.TrackingUseCasesTest" tests="6" skipped="0" failures="0" errors="0" timestamp="2026-09-16T20:07:45.519Z" hostname="hdg-arch" time="1.604">
  <properties/>
  <testcase name="startingTrackingTwiceFails" classname="fr.lenfantdo.domain.usecase.TrackingUseCasesTest" time="1.497"/>
  <testcase name="stoppingWithoutActiveTrackingFails" classname="fr.lenfantdo.domain.usecase.TrackingUseCasesTest" time="0.018"/>
  <testcase name="startAndStopTrackingProducesValidSession" classname="fr.lenfantdo.domain.usecase.TrackingUseCasesTest" time="0.014"/>
  <testcase name="stoppingWithTimeBeforeStartFails" classname="fr.lenfantdo.domain.usecase.TrackingUseCasesTest" time="0.016"/>
  <testcase name="recordAndUpdateAndDeleteSession" classname="fr.lenfantdo.domain.usecase.TrackingUseCasesTest" time="0.036"/>
  <testcase name="cancelTrackingClearsActiveWithoutSavingSession" classname="fr.lenfantdo.domain.usecase.TrackingUseCasesTest" time="0.018"/>
  <system-out><![CDATA[]]></system-out>
  <system-err><![CDATA[]]></system-err>
</testsuite>
