<?xml version="1.0" encoding="UTF-8"?>
<testsuite name="fr.lenfantdo.domain.model.SleepSessionTest" tests="5" skipped="0" failures="0" errors="0" timestamp="2026-09-16T20:07:45.249Z" hostname="hdg-arch" time="0.187">
  <properties/>
  <testcase name="sessionWithInvalidRatingThrowsException" classname="fr.lenfantdo.domain.model.SleepSessionTest" time="0.07"/>
  <testcase name="sessionWithStopBeforeStartThrowsException" classname="fr.lenfantdo.domain.model.SleepSessionTest" time="0.038"/>
  <testcase name="sessionWithNegativeWakeupsThrowsException" classname="fr.lenfantdo.domain.model.SleepSessionTest" time="0.004"/>
  <testcase name="validSessionCalculatesDurationCorrectly" classname="fr.lenfantdo.domain.model.SleepSessionTest" time="0.002"/>
  <testcase name="sessionWithNegativeStartThrowsException" classname="fr.lenfantdo.domain.model.SleepSessionTest" time="0.004"/>
  <system-out><![CDATA[]]></system-out>
  <system-err><![CDATA[]]></system-err>
</testsuite>
